2025-10-10 17:56:24,609 | INFO | Запуск бота...
2025-10-10 17:56:25,021 | INFO | Бот запущен и готов принимать сообщения.
2025-10-10 17:56:25,021 | INFO | Start polling
2025-10-10 17:56:25,063 | INFO | Run polling for bot @justdotattoo_bot id=8125363291 - 'JustDoTattoo_bot'
2025-10-10 17:56:36,787 | INFO | Update id=52728305 is handled. Duration 171 ms by bot id=8125363291
2025-10-10 17:56:38,580 | INFO | user_id=689763103 | username=mtk_mazprom | full_name=Stanislav None pressed '\U0001f4b0 Рассчитать тату' | state=None
2025-10-10 17:56:38,581 | INFO | Update id=52728306 is not handled. Duration 0 ms by bot id=8125363291
2025-10-10 17:56:38,589 | ERROR | Cause exception while process update id=52728306 by bot id=8125363291
TypeError: Can't instantiate abstract class InputFile without an implementation for abstract method 'read'
Traceback (most recent call last):
  File "C:\Users\Staza\PycharmProjects\JustDoTattoo_bot\.venv\Lib\site-packages\aiogram\dispatcher\dispatcher.py", line 309, in _process_update
    response = await self.feed_update(bot, update, **kwargs)
               ^^^^^^^^^^^^^^^^^^^^^^^^^^^^^^^^^^^^^^^^^^^^^
  File "C:\Users\Staza\PycharmProjects\JustDoTattoo_bot\.venv\Lib\site-packages\aiogram\dispatcher\dispatcher.py", line 158, in feed_update
    response = await self.update.wrap_outer_middleware(
               ^^^^^^^^^^^^^^^^^^^^^^^^^^^^^^^^^^^^^^^^
  File "C:\Users\Staza\PycharmProjects\JustDoTattoo_bot\.venv\Lib\site-packages\aiogram\dispatcher\middlewares\error.py", line 25, in __call__
    return await handler(event, data)
           ^^^^^^^^^^^^^^^^^^^^^^^^^^
  File "C:\Users\Staza\PycharmProjects\JustDoTattoo_bot\.venv\Lib\site-packages\aiogram\dispatcher\middlewares\user_context.py", line 56, in __call__
    return await handler(event, data)
           ^^^^^^^^^^^^^^^^^^^^^^^^^^
  File "C:\Users\Staza\PycharmProjects\JustDoTattoo_bot\.venv\Lib\site-packages\aiogram\fsm\middleware.py", line 42, in __call__
    return await handler(event, data)
           ^^^^^^^^^^^^^^^^^^^^^^^^^^
  File "C:\Users\Staza\PycharmProjects\JustDoTattoo_bot\.venv\Lib\site-packages\aiogram\dispatcher\event\telegram.py", line 121, in trigger
    return await wrapped_inner(event, kwargs)
           ^^^^^^^^^^^^^^^^^^^^^^^^^^^^^^^^^^
  File "C:\Users\Staza\PycharmProjects\JustDoTattoo_bot\.venv\Lib\site-packages\aiogram\dispatcher\event\handler.py", line 43, in call
    return await wrapped()
           ^^^^^^^^^^^^^^^
  File "C:\Users\Staza\PycharmProjects\JustDoTattoo_bot\.venv\Lib\site-packages\aiogram\dispatcher\dispatcher.py", line 276, in _listen_update
    return await self.propagate_event(update_type=update_type, event=event, **kwargs)
           ^^^^^^^^^^^^^^^^^^^^^^^^^^^^^^^^^^^^^^^^^^^^^^^^^^^^^^^^^^^^^^^^^^^^^^^^^^
  File "C:\Users\Staza\PycharmProjects\JustDoTattoo_bot\.venv\Lib\site-packages\aiogram\dispatcher\router.py", line 146, in propagate_event
    return await observer.wrap_outer_middleware(_wrapped, event=event, data=kwargs)
           ^^^^^^^^^^^^^^^^^^^^^^^^^^^^^^^^^^^^^^^^^^^^^^^^^^^^^^^^^^^^^^^^^^^^^^^^
  File "C:\Users\Staza\PycharmProjects\JustDoTattoo_bot\.venv\Lib\site-packages\aiogram\dispatcher\router.py", line 141, in _wrapped
    return await self._propagate_event(
           ^^^^^^^^^^^^^^^^^^^^^^^^^^^^
  File "C:\Users\Staza\PycharmProjects\JustDoTattoo_bot\.venv\Lib\site-packages\aiogram\dispatcher\router.py", line 174, in _propagate_event
    response = await router.propagate_event(update_type=update_type, event=event, **kwargs)
               ^^^^^^^^^^^^^^^^^^^^^^^^^^^^^^^^^^^^^^^^^^^^^^^^^^^^^^^^^^^^^^^^^^^^^^^^^^^^
  File "C:\Users\Staza\PycharmProjects\JustDoTattoo_bot\.venv\Lib\site-packages\aiogram\dispatcher\router.py", line 146, in propagate_event
    return await observer.wrap_outer_middleware(_wrapped, event=event, data=kwargs)
           ^^^^^^^^^^^^^^^^^^^^^^^^^^^^^^^^^^^^^^^^^^^^^^^^^^^^^^^^^^^^^^^^^^^^^^^^
  File "C:\Users\Staza\PycharmProjects\JustDoTattoo_bot\.venv\Lib\site-packages\aiogram\dispatcher\router.py", line 141, in _wrapped
    return await self._propagate_event(
           ^^^^^^^^^^^^^^^^^^^^^^^^^^^^
  File "C:\Users\Staza\PycharmProjects\JustDoTattoo_bot\.venv\Lib\site-packages\aiogram\dispatcher\router.py", line 166, in _propagate_event
    response = await observer.trigger(event, **kwargs)
               ^^^^^^^^^^^^^^^^^^^^^^^^^^^^^^^^^^^^^^^
  File "C:\Users\Staza\PycharmProjects\JustDoTattoo_bot\.venv\Lib\site-packages\aiogram\dispatcher\event\telegram.py", line 121, in trigger
    return await wrapped_inner(event, kwargs)
           ^^^^^^^^^^^^^^^^^^^^^^^^^^^^^^^^^^
  File "C:\Users\Staza\PycharmProjects\JustDoTattoo_bot\.venv\Lib\site-packages\aiogram\dispatcher\event\handler.py", line 43, in call
    return await wrapped()
           ^^^^^^^^^^^^^^^
  File "C:\Users\Staza\PycharmProjects\JustDoTattoo_bot\handlers\calc_tattoo.py", line 93, in start_calc
    photo=InputFile("images/style_example.jpg"),
          ^^^^^^^^^^^^^^^^^^^^^^^^^^^^^^^^^^^^^
TypeError: Can't instantiate abstract class InputFile without an implementation for abstract method 'read'
2025-10-10 17:56:59,181 | INFO | Polling stopped
2025-10-10 17:56:59,182 | ERROR | Failed to fetch updates - TelegramNetworkError: HTTP Client says - ServerDisconnectedError: Server disconnected
2025-10-10 17:56:59,182 | WARNING | Sleep for 1.000000 seconds and try again... (tryings = 0, bot id = 8125363291)
2025-10-10 17:56:59,441 | INFO | Сессия бота и storage закрыты.
2025-10-10 17:56:59,442 | INFO | Polling stopped for bot @justdotattoo_bot id=8125363291 - 'JustDoTattoo_bot'
